<?xml version="1.0" encoding="UTF-8"?>
<!-- Generated by org.testng.reporters.JUnitReportReporter -->
<testsuite hostname="spartan-PC" name="samples.SearchGoogleProgram" tests="1" failures="0" timestamp="15 May 2020 19:06:06 GMT" time="5.988" errors="0">
  <testcase name="search" time="5.988" classname="samples.SearchGoogleProgram"/>
</testsuite> <!-- samples.SearchGoogleProgram -->
