<?xml version="1.0" encoding="UTF-8"?>
<!-- Generated by org.testng.reporters.JUnitReportReporter -->
<testsuite hostname="spartan-PC" name="SearchGoogleProgram" tests="1" failures="0" timestamp="15 May 2020 19:01:06 GMT" time="4.156" errors="0">
  <testcase name="search" time="4.156" classname="SearchGoogleProgram"/>
</testsuite> <!-- SearchGoogleProgram -->
